e:\ga5th4q_project\shoebill\5_project\preyengine\x64\debug\d3dgraphics.pdb
e:\ga5th4q_project\shoebill\5_project\preyengine\x64\debug\d3dgraphics.idb
e:\ga5th4q_project\shoebill\5_project\preyengine\d3dgraphics\x64\debug\irenderer.obj
e:\ga5th4q_project\shoebill\5_project\preyengine\d3dgraphics\x64\debug\inputlayerdecs.obj
e:\ga5th4q_project\shoebill\5_project\preyengine\d3dgraphics\x64\debug\igraphicsengine.obj
e:\ga5th4q_project\shoebill\5_project\preyengine\d3dgraphics\x64\debug\dxtkfont.obj
e:\ga5th4q_project\shoebill\5_project\preyengine\d3dgraphics\x64\debug\icamera.obj
e:\ga5th4q_project\shoebill\5_project\preyengine\d3dgraphics\x64\debug\forwardrenderer.obj
e:\ga5th4q_project\shoebill\5_project\preyengine\d3dgraphics\x64\debug\fileutils.obj
e:\ga5th4q_project\shoebill\5_project\preyengine\d3dgraphics\x64\debug\deferredrenderer.obj
e:\ga5th4q_project\shoebill\5_project\preyengine\d3dgraphics\x64\debug\converter.obj
e:\ga5th4q_project\shoebill\5_project\preyengine\d3dgraphics\x64\debug\comresourcemanager.obj
e:\ga5th4q_project\shoebill\5_project\preyengine\d3dgraphics\x64\debug\camera.obj
e:\ga5th4q_project\shoebill\5_project\preyengine\d3dgraphics\x64\debug\backgroundrenderer.obj
e:\ga5th4q_project\shoebill\5_project\preyengine\d3dgraphics\x64\debug\axes.obj
e:\ga5th4q_project\shoebill\5_project\preyengine\d3dgraphics\x64\debug\assimploader.obj
e:\ga5th4q_project\shoebill\5_project\preyengine\d3dgraphics\x64\debug\aobject.obj
e:\ga5th4q_project\shoebill\5_project\preyengine\d3dgraphics\x64\debug\amesh.obj
e:\ga5th4q_project\shoebill\5_project\preyengine\d3dgraphics\x64\debug\amaterial.obj
e:\ga5th4q_project\shoebill\5_project\preyengine\d3dgraphics\x64\debug\abone.obj
e:\ga5th4q_project\shoebill\5_project\preyengine\d3dgraphics\x64\debug\aanimator.obj
e:\ga5th4q_project\shoebill\5_project\preyengine\d3dgraphics\x64\debug\aanimation.obj
e:\ga5th4q_project\shoebill\5_project\preyengine\d3dgraphics\x64\debug\vertex.obj
e:\ga5th4q_project\shoebill\5_project\preyengine\d3dgraphics\x64\debug\utils.obj
e:\ga5th4q_project\shoebill\5_project\preyengine\d3dgraphics\x64\debug\uobject.obj
e:\ga5th4q_project\shoebill\5_project\preyengine\d3dgraphics\x64\debug\uirenderer.obj
e:\ga5th4q_project\shoebill\5_project\preyengine\d3dgraphics\x64\debug\tinyxml2.obj
e:\ga5th4q_project\shoebill\5_project\preyengine\d3dgraphics\x64\debug\assimptype.obj
e:\ga5th4q_project\shoebill\5_project\preyengine\d3dgraphics\x64\debug\graphicsengine.obj
e:\ga5th4q_project\shoebill\5_project\preyengine\d3dgraphics\x64\debug\postrenderer.obj
e:\ga5th4q_project\shoebill\5_project\preyengine\d3dgraphics\x64\debug\maploader.obj
e:\ga5th4q_project\shoebill\5_project\preyengine\d3dgraphics\x64\debug\lineobject.obj
e:\ga5th4q_project\shoebill\5_project\preyengine\shader\compiled\assimppspass1.cso
e:\ga5th4q_project\shoebill\5_project\preyengine\shader\compiled\assimpvs.cso
e:\ga5th4q_project\shoebill\5_project\preyengine\shader\compiled\assimpvsnonebone.cso
e:\ga5th4q_project\shoebill\5_project\preyengine\shader\compiled\dpass1.cso
e:\ga5th4q_project\shoebill\5_project\preyengine\shader\compiled\dpass2.cso
e:\ga5th4q_project\shoebill\5_project\preyengine\shader\compiled\dpass2bitangent.cso
e:\ga5th4q_project\shoebill\5_project\preyengine\shader\compiled\dpass2depth.cso
e:\ga5th4q_project\shoebill\5_project\preyengine\shader\compiled\dpass2normal.cso
e:\ga5th4q_project\shoebill\5_project\preyengine\shader\compiled\dpass2rou.cso
e:\ga5th4q_project\shoebill\5_project\preyengine\shader\compiled\dpass2tangent.cso
e:\ga5th4q_project\shoebill\5_project\preyengine\shader\compiled\dpass2textuer.cso
e:\ga5th4q_project\shoebill\5_project\preyengine\shader\compiled\dpass2vs.cso
e:\ga5th4q_project\shoebill\5_project\preyengine\shader\compiled\pixelshader.cso
e:\ga5th4q_project\shoebill\5_project\preyengine\shader\compiled\pixelshader2.cso
e:\ga5th4q_project\shoebill\5_project\preyengine\shader\compiled\pixelshader3.cso
e:\ga5th4q_project\shoebill\5_project\preyengine\shader\compiled\vertexshader.cso
e:\ga5th4q_project\shoebill\5_project\preyengine\shader\compiled\vertexshader2.cso
e:\ga5th4q_project\shoebill\5_project\preyengine\shader\compiled\vertexshader3.cso
e:\ga5th4q_project\shoebill\5_project\preyengine\shader\compiled\backgroundps.cso
e:\ga5th4q_project\shoebill\5_project\preyengine\shader\compiled\backgroundvs.cso
e:\ga5th4q_project\shoebill\5_project\preyengine\shader\compiled\dpass3.cso
e:\ga5th4q_project\shoebill\5_project\preyengine\shader\compiled\finalpixelshader.cso
e:\ga5th4q_project\shoebill\5_project\preyengine\shader\compiled\finalvertexshader.cso
e:\ga5th4q_project\shoebill\5_project\preyengine\shader\compiled\flashps.cso
e:\ga5th4q_project\shoebill\5_project\preyengine\shader\compiled\forwardpixelshader.cso
e:\ga5th4q_project\shoebill\5_project\preyengine\shader\compiled\forwardvertexshader.cso
e:\ga5th4q_project\shoebill\5_project\preyengine\shader\compiled\fpass2.cso
e:\ga5th4q_project\shoebill\5_project\preyengine\shader\compiled\fpass2vs.cso
e:\ga5th4q_project\shoebill\5_project\preyengine\shader\compiled\outlineblurx.cso
e:\ga5th4q_project\shoebill\5_project\preyengine\shader\compiled\outlineblury.cso
e:\ga5th4q_project\shoebill\5_project\preyengine\shader\compiled\outlinepixelshader.cso
e:\ga5th4q_project\shoebill\5_project\preyengine\shader\compiled\outline2pass.cso
e:\ga5th4q_project\shoebill\5_project\preyengine\shader\compiled\pixelatepixelshader.cso
e:\ga5th4q_project\shoebill\5_project\preyengine\shader\compiled\uianivertexshader.cso
e:\ga5th4q_project\shoebill\5_project\preyengine\shader\compiled\uipixelshader.cso
e:\ga5th4q_project\shoebill\5_project\preyengine\shader\compiled\uivertexshader.cso
e:\ga5th4q_project\shoebill\5_project\preyengine\shader\compiled\outlinevertexshader.cso
e:\ga5th4q_project\shoebill\5_project\preyengine\x64\debug\d3dgraphics.lib
e:\ga5th4q_project\shoebill\5_project\preyengine\d3dgraphics\x64\debug\d3dgraphics.tlog\cl.command.1.tlog
e:\ga5th4q_project\shoebill\5_project\preyengine\d3dgraphics\x64\debug\d3dgraphics.tlog\cl.items.tlog
e:\ga5th4q_project\shoebill\5_project\preyengine\d3dgraphics\x64\debug\d3dgraphics.tlog\cl.read.1.tlog
e:\ga5th4q_project\shoebill\5_project\preyengine\d3dgraphics\x64\debug\d3dgraphics.tlog\cl.write.1.tlog
e:\ga5th4q_project\shoebill\5_project\preyengine\d3dgraphics\x64\debug\d3dgraphics.tlog\fxc.command.1.tlog
e:\ga5th4q_project\shoebill\5_project\preyengine\d3dgraphics\x64\debug\d3dgraphics.tlog\fxc.read.1.tlog
e:\ga5th4q_project\shoebill\5_project\preyengine\d3dgraphics\x64\debug\d3dgraphics.tlog\fxc.write.1.tlog
e:\ga5th4q_project\shoebill\5_project\preyengine\d3dgraphics\x64\debug\d3dgraphics.tlog\lib-link.read.1.tlog
e:\ga5th4q_project\shoebill\5_project\preyengine\d3dgraphics\x64\debug\d3dgraphics.tlog\lib-link.write.1.tlog
e:\ga5th4q_project\shoebill\5_project\preyengine\d3dgraphics\x64\debug\d3dgraphics.tlog\lib.command.1.tlog
